<?xml version="1.0" encoding="UTF-8"?>
<!-- Generated by org.testng.reporters.JUnitReportReporter -->
<testsuite skipped="0" hostname="LAP-45302Technology" name="runner.TestMultiQuote" tests="1" failures="0" timestamp="2022-02-16T14:02:58 IST" time="19.073" errors="0">
  <testcase name="testMultiQuote" time="19.073" classname="runner.TestMultiQuote"/>
  <system-out/>
</testsuite> <!-- runner.TestMultiQuote -->
