<?xml version="1.0" encoding="UTF-8"?>
<!-- Generated by org.testng.reporters.JUnitReportReporter -->
<testsuite skipped="0" hostname="LAP-45302Technology" name="utilsRunner.MUFQuote" tests="1" failures="0" timestamp="2022-04-26T19:42:50 IST" time="20.446" errors="0">
  <testcase name="testMUFQuote" time="20.446" classname="utilsRunner.MUFQuote"/>
  <system-out/>
</testsuite> <!-- utilsRunner.MUFQuote -->
