<?xml version="1.0" encoding="UTF-8"?>
<!-- Generated by org.testng.reporters.JUnitReportReporter -->
<testsuite skipped="0" hostname="LAP-45302Technology" name="multiquote.Login" tests="1" failures="0" timestamp="2022-02-15T20:44:28 IST" time="2.826" errors="0">
  <testcase name="testLogin" time="2.826" classname="multiquote.Login"/>
  <system-out/>
</testsuite> <!-- multiquote.Login -->
