<?xml version="1.0" encoding="UTF-8"?>
<!-- Generated by org.testng.reporters.JUnitReportReporter -->
<testsuite skipped="0" hostname="LAP-45302Technology" name="runner.MUFQuote" tests="1" failures="0" timestamp="2022-02-19T17:11:56 IST" time="3.905" errors="0">
  <testcase name="testMUFQuote" time="3.905" classname="runner.MUFQuote"/>
  <system-out/>
</testsuite> <!-- runner.MUFQuote -->
