<?xml version="1.0" encoding="UTF-8"?>
<!-- Generated by org.testng.reporters.JUnitReportReporter -->
<testsuite skipped="0" hostname="LAP-45302Technology" name="runner.DSF" tests="1" failures="0" timestamp="2022-02-20T13:00:23 IST" time="6.306" errors="0">
  <testcase name="testDSF" time="6.306" classname="runner.DSF"/>
  <system-out/>
</testsuite> <!-- runner.DSF -->
