<?xml version="1.0" encoding="UTF-8"?>
<!-- Generated by org.testng.reporters.JUnitReportReporter -->
<testsuite skipped="0" hostname="LAP-45302Technology" name="runner.BCAF" tests="1" failures="0" timestamp="2022-02-20T10:26:20 IST" time="7.698" errors="0">
  <testcase name="testBCAF" time="7.698" classname="runner.BCAF"/>
  <system-out/>
</testsuite> <!-- runner.BCAF -->
