<?xml version="1.0" encoding="UTF-8"?>
<!-- Generated by org.testng.reporters.JUnitReportReporter -->
<testsuite skipped="0" hostname="LAP-45302Technology" name="runner.Maybank" tests="1" failures="0" timestamp="2022-02-21T09:25:20 IST" time="23.038" errors="0">
  <testcase name="testMaybank" time="23.038" classname="runner.Maybank"/>
  <system-out/>
</testsuite> <!-- runner.Maybank -->
