<?xml version="1.0" encoding="UTF-8"?>
<!-- Generated by org.testng.reporters.JUnitReportReporter -->
<testsuite skipped="0" hostname="LAP-45302Technology" name="utilsRunner.BCAF" tests="1" failures="0" timestamp="2022-02-21T12:27:30 IST" time="11.966" errors="0">
  <testcase name="testBCAF" time="11.966" classname="utilsRunner.BCAF"/>
  <system-out/>
</testsuite> <!-- utilsRunner.BCAF -->
