<?xml version="1.0" encoding="UTF-8"?>
<!-- Generated by org.testng.reporters.JUnitReportReporter -->
<testsuite skipped="0" hostname="LAP-45302Technology" name="commoncall.Login" tests="1" failures="0" timestamp="2022-02-19T20:36:05 IST" time="3.018" errors="0">
  <testcase name="testLogin" time="3.018" classname="commoncall.Login"/>
  <system-out/>
</testsuite> <!-- commoncall.Login -->
