<?xml version="1.0" encoding="UTF-8"?>
<!-- Generated by org.testng.reporters.JUnitReportReporter -->
<testsuite skipped="0" hostname="LAP-45302Technology" name="BCAF.SaveDocument" tests="1" failures="0" timestamp="2022-02-20T10:25:00 IST" time="0.016" errors="0">
  <testcase name="saveDocData" time="0.016" classname="BCAF.SaveDocument"/>
  <system-out/>
</testsuite> <!-- BCAF.SaveDocument -->
