<?xml version="1.0" encoding="UTF-8"?>
<!-- Generated by org.testng.reporters.JUnitReportReporter -->
<testsuite skipped="0" hostname="LAP-45302Technology" name="utilsCommonClass.Login" tests="1" failures="0" timestamp="2022-02-21T12:26:48 IST" time="3.088" errors="0">
  <testcase name="testLogin" time="3.088" classname="utilsCommonClass.Login"/>
  <system-out/>
</testsuite> <!-- utilsCommonClass.Login -->
