<?xml version="1.0" encoding="UTF-8"?>
<!-- Generated by org.testng.reporters.JUnitReportReporter -->
<testsuite skipped="0" hostname="LAP-45302Technology" name="BCAF.SaveDoc" tests="1" failures="0" timestamp="2022-02-19T15:17:04 IST" time="0.460" errors="0">
  <testcase name="getConfigData" time="0.460" classname="BCAF.SaveDoc"/>
  <system-out/>
</testsuite> <!-- BCAF.SaveDoc -->
