<?xml version="1.0" encoding="UTF-8"?>
<!-- Generated by org.testng.reporters.JUnitReportReporter -->
<testsuite skipped="0" hostname="LAP-45302Technology" name="runner.Adira" tests="1" failures="0" timestamp="2022-02-21T09:28:06 IST" time="25.251" errors="0">
  <testcase name="testAdira" time="25.251" classname="runner.Adira"/>
  <system-out/>
</testsuite> <!-- runner.Adira -->
